<?xml version="1.0" encoding="UTF-8"?>
<!-- Generated by org.testng.reporters.JUnitReportReporter -->
<testsuite skipped="0" hostname="LTPI0006" name="com.orangeHRM.test.LoginTest" tests="2" failures="0" timestamp="07 Jan 2021 11:23:10 GMT" time="10.146" errors="0">
  <testcase name="userValidLoginTest" time="8.103" classname="com.orangeHRM.test.LoginTest"/>
  <testcase name="userInvalidLoginTest" time="2.043" classname="com.orangeHRM.test.LoginTest"/>
</testsuite> <!-- com.orangeHRM.test.LoginTest -->
