<?xml version="1.0" encoding="UTF-8"?>
<!-- Generated by org.testng.reporters.JUnitReportReporter -->
<testsuite skipped="0" hostname="LTPI0006" name="com.orangeHRM.test.LoginTest" tests="2" failures="0" timestamp="05 Jan 2021 05:50:02 GMT" time="9.654" errors="0">
  <testcase name="userValidLoginTest" time="7.862" classname="com.orangeHRM.test.LoginTest"/>
  <testcase name="userInvalidLoginTest" time="1.792" classname="com.orangeHRM.test.LoginTest"/>
</testsuite> <!-- com.orangeHRM.test.LoginTest -->
