<?xml version="1.0" encoding="UTF-8"?>
<!-- Generated by org.testng.reporters.JUnitReportReporter -->
<testsuite skipped="0" hostname="LTPI0006" name="com.orangeHRM.test.LoginTest" tests="1" failures="0" timestamp="28 Dec 2020 07:55:36 GMT" time="6.196" errors="0">
  <testcase name="demo" time="6.196" classname="com.orangeHRM.test.LoginTest"/>
</testsuite> <!-- com.orangeHRM.test.LoginTest -->
