<?xml version="1.0" encoding="UTF-8"?>
<!-- Generated by org.testng.reporters.JUnitReportReporter -->
<testsuite skipped="0" hostname="LTPI0006" name="com.orangeHRM.test.LoginTest" tests="1" failures="0" timestamp="28 Dec 2020 13:59:18 GMT" time="16.155" errors="0">
  <testcase name="userLogin" time="16.155" classname="com.orangeHRM.test.LoginTest"/>
</testsuite> <!-- com.orangeHRM.test.LoginTest -->
